<?xml version="1.0" encoding="UTF-8"?>
<testng-results skipped="0" failed="0" ignored="0" total="1" passed="1">
  <reporter-output>
  </reporter-output>
  <suite name="Default suite" duration-ms="9243" started-at="2018-07-13T12:06:08Z" finished-at="2018-07-13T12:06:17Z">
    <groups>
    </groups>
    <test name="Default test" duration-ms="9243" started-at="2018-07-13T12:06:08Z" finished-at="2018-07-13T12:06:17Z">
      <class name="TestScripts.Tc1">
        <test-method status="PASS" signature="lg1()[pri:0, instance:TestScripts.Tc1@1ec78b9]" name="lg1" duration-ms="9224" started-at="2018-07-13T12:06:08Z" finished-at="2018-07-13T12:06:17Z">
          <reporter-output>
          </reporter-output>
        </test-method> <!-- lg1 -->
      </class> <!-- TestScripts.Tc1 -->
    </test> <!-- Default test -->
  </suite> <!-- Default suite -->
</testng-results>
